[INFO ] 2024-04-26 18:23:59.967 [main] MockAppApplication - Starting MockAppApplication using Java 17.0.10 with PID 22424 (C:\MyProjects\MockApp\target\classes started by Nassaei in C:\MyProjects\MockApp)
[INFO ] 2024-04-26 18:23:59.978 [main] MockAppApplication - No active profile set, falling back to 1 default profile: "default"
[INFO ] 2024-04-26 18:24:00.600 [main] RepositoryConfigurationDelegate - Bootstrapping Spring Data JPA repositories in DEFAULT mode.
[INFO ] 2024-04-26 18:24:00.663 [main] RepositoryConfigurationDelegate - Finished Spring Data repository scanning in 56 ms. Found 2 JPA repository interfaces.
[INFO ] 2024-04-26 18:24:01.142 [main] TomcatWebServer - Tomcat initialized with port(s): 8080 (http)
[INFO ] 2024-04-26 18:24:01.151 [main] Http11NioProtocol - Initializing ProtocolHandler ["http-nio-8080"]
[INFO ] 2024-04-26 18:24:01.153 [main] StandardService - Starting service [Tomcat]
[INFO ] 2024-04-26 18:24:01.153 [main] StandardEngine - Starting Servlet engine: [Apache Tomcat/10.1.19]
[INFO ] 2024-04-26 18:24:01.236 [main] [/] - Initializing Spring embedded WebApplicationContext
[INFO ] 2024-04-26 18:24:01.237 [main] ServletWebServerApplicationContext - Root WebApplicationContext: initialization completed in 1215 ms
[INFO ] 2024-04-26 18:24:01.337 [main] HikariDataSource - HikariPool-1 - Starting...
[INFO ] 2024-04-26 18:24:01.609 [main] HikariPool - HikariPool-1 - Added connection com.mysql.cj.jdbc.ConnectionImpl@6744707b
[INFO ] 2024-04-26 18:24:01.610 [main] HikariDataSource - HikariPool-1 - Start completed.
[INFO ] 2024-04-26 18:24:02.025 [main] SpringPersistenceUnitInfo - No LoadTimeWeaver setup: ignoring JPA class transformer
[INFO ] 2024-04-26 18:24:02.833 [main] LocalContainerEntityManagerFactoryBean - Initialized JPA EntityManagerFactory for persistence unit 'default'
[INFO ] 2024-04-26 18:24:03.064 [main] QueryEnhancerFactory - Hibernate is in classpath; If applicable, HQL parser will be used.
[WARN ] 2024-04-26 18:24:03.452 [main] JpaBaseConfiguration$JpaWebConfiguration - spring.jpa.open-in-view is enabled by default. Therefore, database queries may be performed during view rendering. Explicitly configure spring.jpa.open-in-view to disable this warning
[INFO ] 2024-04-26 18:24:03.796 [main] Http11NioProtocol - Starting ProtocolHandler ["http-nio-8080"]
[INFO ] 2024-04-26 18:24:03.818 [main] TomcatWebServer - Tomcat started on port(s): 8080 (http) with context path ''
[INFO ] 2024-04-26 18:24:03.827 [main] MockAppApplication - Started MockAppApplication in 4.266 seconds (process running for 5.014)
[INFO ] 2024-04-26 18:24:03.830 [main] JobLauncherApplicationRunner - Running default command line with: []
[INFO ] 2024-04-26 18:25:05.344 [SpringApplicationShutdownHook] LocalContainerEntityManagerFactoryBean - Closing JPA EntityManagerFactory for persistence unit 'default'
[INFO ] 2024-04-26 18:25:05.346 [SpringApplicationShutdownHook] HikariDataSource - HikariPool-1 - Shutdown initiated...
[INFO ] 2024-04-26 18:25:05.353 [SpringApplicationShutdownHook] HikariDataSource - HikariPool-1 - Shutdown completed.
